[WARNING] (2022-08-31 11:59:35) victron_phoenix.py::47 Phoenix1: OR not found in mapping dictionary
[WARNING] (2022-08-31 12:00:05) victron_phoenix.py::47 Phoenix1: OR not found in mapping dictionary
[WARNING] (2022-08-31 12:00:35) victron_phoenix.py::47 Phoenix1: OR not found in mapping dictionary
[WARNING] (2022-08-31 12:01:05) victron_phoenix.py::47 Phoenix1: OR not found in mapping dictionary
[WARNING] (2022-08-31 12:02:25) victron_phoenix.py::47 Phoenix1: OR not found in mapping dictionary
[DEBUG  ] (2022-09-01 15:19:46) victron.py::24 Starting victron listener
[DEBUG  ] (2022-09-01 15:19:46) victron.py::11 Start init...
[DEBUG  ] (2022-09-01 15:23:52) victron.py::24 Starting victron listener
[DEBUG  ] (2022-09-01 15:23:52) victron.py::11 Start init...
[DEBUG  ] (2022-09-01 15:23:52) victron.py::29 Starting VictronSerial...
[DEBUG  ] (2022-09-01 15:24:56) victron.py::24 Starting victron listener
[DEBUG  ] (2022-09-01 15:24:56) victron.py::11 Start init...
[DEBUG  ] (2022-09-01 15:24:56) victron.py::29 Starting VictronSerial...
[DEBUG  ] (2022-09-01 15:24:56) victron_serial.py::15 Starting VictronPhoenix
[DEBUG  ] (2022-09-01 15:27:21) victron.py::24 Starting victron listener
[DEBUG  ] (2022-09-01 15:27:21) victron.py::11 Start init...
[DEBUG  ] (2022-09-01 15:27:21) victron.py::29 Starting VictronSerial...
[DEBUG  ] (2022-09-01 15:27:21) victron_serial.py::15 Starting VictronPhoenix
[DEBUG  ] (2022-09-01 15:31:14) victron.py::24 Starting victron listener
[DEBUG  ] (2022-09-01 15:31:14) victron.py::11 Start init...
[DEBUG  ] (2022-09-01 15:31:14) victron.py::29 Starting VictronSerial...
[DEBUG  ] (2022-09-01 15:31:14) victron_serial.py::15 Starting VictronPhoenix
[DEBUG  ] (2022-09-01 15:31:14) victron_serial.py::17 Started VictronPhoenix
[DEBUG  ] (2022-09-01 15:31:14) victron.py::31 Started VictronSerial
[DEBUG  ] (2022-09-01 15:32:59) victron.py::24 Starting victron listener
[DEBUG  ] (2022-09-01 15:32:59) victron.py::11 Start init...
[DEBUG  ] (2022-09-01 15:32:59) victron.py::29 Starting VictronSerial...
[DEBUG  ] (2022-09-01 15:32:59) victron_serial.py::15 Starting VictronPhoenix
[DEBUG  ] (2022-09-01 15:32:59) victron_serial.py::17 Started VictronPhoenix
[DEBUG  ] (2022-09-01 15:32:59) victron.py::31 Started VictronSerial
[DEBUG  ] (2022-09-01 15:33:27) victron.py::24 Starting victron listener
[DEBUG  ] (2022-09-01 15:33:27) victron.py::11 Start init...
[DEBUG  ] (2022-09-01 15:33:27) victron.py::29 Starting VictronSerial...
[DEBUG  ] (2022-09-01 15:33:27) victron_serial.py::15 Starting VictronPhoenix
[DEBUG  ] (2022-09-01 15:33:27) victron_serial.py::17 Started VictronPhoenix
[DEBUG  ] (2022-09-01 15:33:27) victron.py::31 Started VictronSerial
[DEBUG  ] (2022-09-01 15:41:28) victron.py::24 Starting victron listener
[DEBUG  ] (2022-09-01 15:41:28) victron.py::11 Start init...
[DEBUG  ] (2022-09-01 15:41:28) victron.py::29 Starting VictronSerial...
[DEBUG  ] (2022-09-01 15:41:28) victron_serial.py::15 Starting VictronPhoenix
[DEBUG  ] (2022-09-01 15:41:28) victron_serial.py::17 Started VictronPhoenix
[DEBUG  ] (2022-09-01 15:41:28) victron.py::31 Started VictronSerial
[WARNING] (2022-09-01 15:41:28) victron_phoenix.py::47 Phoenix1: OR not found in mapping dictionary
[WARNING] (2022-09-01 15:41:58) victron_phoenix.py::47 Phoenix1: OR not found in mapping dictionary
[WARNING] (2022-09-01 15:42:28) victron_phoenix.py::47 Phoenix1: OR not found in mapping dictionary
